This is pdfTeXk, Version 3.141592-1.40.3 (Web2C 7.5.6) (format=pdflatex 2013.9.19)  5 FEB 2014 10:33
entering extended mode
 %&-line parsing enabled.
**Requirements.tex
(./Requirements.tex
LaTeX2e <2005/12/01>
Babel <v3.8h> and hyphenation patterns for english, usenglishmax, dumylang, noh
yphenation, arabic, basque, bulgarian, coptic, welsh, czech, slovak, german, ng
erman, danish, esperanto, spanish, catalan, galician, estonian, farsi, finnish,
 french, greek, monogreek, ancientgreek, croatian, hungarian, interlingua, ibyc
us, indonesian, icelandic, italian, latin, mongolian, dutch, norsk, polish, por
tuguese, pinyin, romanian, russian, slovenian, uppersorbian, serbian, swedish, 
turkish, ukenglish, ukrainian, loaded.
(/usr/share/texmf/tex/latex/base/article.cls
Document Class: article 2005/09/16 v1.4f Standard LaTeX document class
(/usr/share/texmf/tex/latex/base/size10.clo
File: size10.clo 2005/09/16 v1.4f Standard LaTeX file (size option)
)
\c@part=\count79
\c@section=\count80
\c@subsection=\count81
\c@subsubsection=\count82
\c@paragraph=\count83
\c@subparagraph=\count84
\c@figure=\count85
\c@table=\count86
\abovecaptionskip=\skip41
\belowcaptionskip=\skip42
\bibindent=\dimen102
)
(/usr/share/texmf/tex/latex/graphics/graphicx.sty
Package: graphicx 1999/02/16 v1.0f Enhanced LaTeX Graphics (DPC,SPQR)

(/usr/share/texmf/tex/latex/graphics/keyval.sty
Package: keyval 1999/03/16 v1.13 key=value parser (DPC)
\KV@toks@=\toks14
)
(/usr/share/texmf/tex/latex/graphics/graphics.sty
Package: graphics 2006/02/20 v1.0o Standard LaTeX Graphics (DPC,SPQR)

(/usr/share/texmf/tex/latex/graphics/trig.sty
Package: trig 1999/03/16 v1.09 sin cos tan (DPC)
)
(/usr/share/texmf/tex/latex/config/graphics.cfg
File: graphics.cfg 2007/01/18 v1.5 graphics configuration of teTeX/TeXLive
)
Package graphics Info: Driver file: pdftex.def on input line 90.

(/usr/share/texmf/tex/latex/pdftex-def/pdftex.def
File: pdftex.def 2007/01/08 v0.04d Graphics/color for pdfTeX
\Gread@gobject=\count87
))
\Gin@req@height=\dimen103
\Gin@req@width=\dimen104
)
(/usr/share/texmf/tex/latex/caption/caption.sty
Package: caption 2007/01/07 v3.0k Customising captions (AR)

(/usr/share/texmf/tex/latex/caption/caption3.sty
Package: caption3 2007/01/07 v3.0k caption3 kernel (AR)
\captionmargin=\dimen105
\captionmarginx=\dimen106
\captionwidth=\dimen107
\captionindent=\dimen108
\captionparindent=\dimen109
\captionhangindent=\dimen110
)) (./Requirements.aux)
\openout1 = `Requirements.aux'.

LaTeX Font Info:    Checking defaults for OML/cmm/m/it on input line 4.
LaTeX Font Info:    ... okay on input line 4.
LaTeX Font Info:    Checking defaults for T1/cmr/m/n on input line 4.
LaTeX Font Info:    ... okay on input line 4.
LaTeX Font Info:    Checking defaults for OT1/cmr/m/n on input line 4.
LaTeX Font Info:    ... okay on input line 4.
LaTeX Font Info:    Checking defaults for OMS/cmsy/m/n on input line 4.
LaTeX Font Info:    ... okay on input line 4.
LaTeX Font Info:    Checking defaults for OMX/cmex/m/n on input line 4.
LaTeX Font Info:    ... okay on input line 4.
LaTeX Font Info:    Checking defaults for U/cmr/m/n on input line 4.
LaTeX Font Info:    ... okay on input line 4.

(/usr/share/texmf/tex/latex/ragged2e/ragged2e.sty
Package: ragged2e 2003/03/25 v2.04 ragged2e Package (MS)

(/usr/share/texmf/tex/latex/everysel/everysel.sty
Package: everysel 1999/06/08 v1.03 EverySelectfont Package (MS)
LaTeX Info: Redefining \selectfont on input line 125.
)
\CenteringLeftskip=\skip43
\RaggedLeftLeftskip=\skip44
\RaggedRightLeftskip=\skip45
\CenteringRightskip=\skip46
\RaggedLeftRightskip=\skip47
\RaggedRightRightskip=\skip48
\CenteringParfillskip=\skip49
\RaggedLeftParfillskip=\skip50
\RaggedRightParfillskip=\skip51
\JustifyingParfillskip=\skip52
\CenteringParindent=\skip53
\RaggedLeftParindent=\skip54
\RaggedRightParindent=\skip55
\JustifyingParindent=\skip56
)
LaTeX Font Info:    External font `cmex10' loaded for size
(Font)              <12> on input line 7.
LaTeX Font Info:    External font `cmex10' loaded for size
(Font)              <8> on input line 7.
LaTeX Font Info:    External font `cmex10' loaded for size
(Font)              <6> on input line 7.
 (./Requirements.toc
LaTeX Font Info:    External font `cmex10' loaded for size
(Font)              <7> on input line 2.
LaTeX Font Info:    External font `cmex10' loaded for size
(Font)              <5> on input line 2.
)
\tf@toc=\write3
\openout3 = `Requirements.toc'.


[1

{/usr/share/texmf/fonts/map/pdftex/updmap/pdftex.map}]
Underfull \hbox (badness 10000) in paragraph at lines 30--31

 []


Underfull \hbox (badness 10000) in paragraph at lines 32--33

 []


Underfull \hbox (badness 10000) in paragraph at lines 34--35

 []


Underfull \hbox (badness 10000) in paragraph at lines 36--37

 []

[2]
Underfull \hbox (badness 10000) in paragraph at lines 38--39

 []


</users/level4/0902059k/Level4/Project/L4Project/Dissertation/Requirements/Q1Pi
e.png, id=13, 456.20438pt x 240.9pt>
File: /users/level4/0902059k/Level4/Project/L4Project/Dissertation/Requirements
/Q1Pie.png Graphic file (type png)

<use /users/level4/0902059k/Level4/Project/L4Project/Dissertation/Requirements/
Q1Pie.png> [3]
Underfull \hbox (badness 10000) in paragraph at lines 59--60

 []


</users/level4/0902059k/Level4/Project/L4Project/Dissertation/Requirements/Q2Pi
e.png, id=17, 488.57532pt x 222.8325pt>
File: /users/level4/0902059k/Level4/Project/L4Project/Dissertation/Requirements
/Q2Pie.png Graphic file (type png)

<use /users/level4/0902059k/Level4/Project/L4Project/Dissertation/Requirements/
Q2Pie.png>
Underfull \hbox (badness 10000) in paragraph at lines 68--69

 []


</users/level4/0902059k/Level4/Project/L4Project/Dissertation/Requirements/Q3Ba
r.png, id=18, 609.77812pt x 311.66437pt>
File: /users/level4/0902059k/Level4/Project/L4Project/Dissertation/Requirements
/Q3Bar.png Graphic file (type png)

<use /users/level4/0902059k/Level4/Project/L4Project/Dissertation/Requirements/
Q3Bar.png>
</users/level4/0902059k/Level4/Project/L4Project/Dissertation/Requirements/Q4Ba
r.png, id=19, 612.03656pt x 309.40594pt>
File: /users/level4/0902059k/Level4/Project/L4Project/Dissertation/Requirements
/Q4Bar.png Graphic file (type png)

<use /users/level4/0902059k/Level4/Project/L4Project/Dissertation/Requirements/
Q4Bar.png>
Overfull \hbox (69.00421pt too wide) in paragraph at lines 71--77
[]$[]$ $[]$ 
 []


Underfull \hbox (badness 10000) in paragraph at lines 80--81

 []

LaTeX Font Info:    Try loading font information for OMS+cmr on input line 85.
(/usr/share/texmf/tex/latex/base/omscmr.fd
File: omscmr.fd 1999/05/25 v2.5h Standard LaTeX font definitions
)
LaTeX Font Info:    Font shape `OMS/cmr/m/n' in size <10> not available
(Font)              Font shape `OMS/cmsy/m/n' tried instead on input line 85.
 [4 </users/level4/0902059k/Level4/Project/L4Project/Dissertation/Requirements/
Q1Pie.png> </users/level4/0902059k/Level4/Project/L4Project/Dissertation/Requir
ements/Q2Pie.png>] [5 </users/level4/0902059k/Level4/Project/L4Project/Disserta
tion/Requirements/Q3Bar.png> </users/level4/0902059k/Level4/Project/L4Project/D
issertation/Requirements/Q4Bar.png>] (./Requirements.aux) ) 
Here is how much of TeX's memory you used:
 1104 strings out of 256216
 17544 string characters out of 1917072
 70522 words of memory out of 1500000
 4416 multiletter control sequences out of 10000+200000
 7895 words of font info for 28 fonts, out of 1200000 for 2000
 645 hyphenation exceptions out of 8191
 35i,7n,38p,724b,243s stack positions out of 5000i,500n,6000p,200000b,15000s
</usr/share/texmf/fo
nts/type1/bluesky/cm/cmbx10.pfb></usr/share/texmf/fonts/type1/bluesky/cm/cmbx12
.pfb></usr/share/texmf/fonts/type1/bluesky/cm/cmr10.pfb></usr/share/texmf/fonts
/type1/bluesky/cm/cmr12.pfb></usr/share/texmf/fonts/type1/bluesky/cm/cmr17.pfb>
</usr/share/texmf/fonts/type1/bluesky/cm/cmsy10.pfb>
Output written on Requirements.pdf (5 pages, 193701 bytes).
PDF statistics:
 50 PDF objects out of 1000 (max. 8388607)
 0 named destinations out of 1000 (max. 131072)
 21 words of extra memory for PDF output out of 10000 (max. 10000000)

